Build started 28.09.2012 15:57:40.
     1>Project "C:\Thesycon\USBIO\V2.55\source\usbiolib\usbiolib.vcxproj" on node 2 (Build target(s)).
     1>ClCompile:
         C:\Program Files (x86)\Microsoft Visual Studio 11.0\VC\bin\CL.exe /c /I..\inc /Zi /nologo /W4 /WX- /O2 /Oy- /D WIN32 /D NDEBUG /D _LIB /D _CRT_SECURE_NO_DEPRECATE /D _CRT_SECURE_NO_WARNINGS /D _UNICODE /D UNICODE /Gm- /EHa /MT /GS /fp:precise /Zc:wchar_t /Zc:forScope /Yc"stdafx.h" /Fp"Release\Win32\usbiolib.pch" /Fo"Release\Win32\\" /Fd"Release\Win32\vc110.pdb" /Gd /TP /analyze- /errorReport:prompt stdafx.cpp
         stdafx.cpp
         C:\Program Files (x86)\Microsoft Visual Studio 11.0\VC\bin\CL.exe /c /I..\inc /Zi /nologo /W4 /WX- /O2 /Oy- /D WIN32 /D NDEBUG /D _LIB /D _CRT_SECURE_NO_DEPRECATE /D _CRT_SECURE_NO_WARNINGS /D _UNICODE /D UNICODE /Gm- /EHa /MT /GS /fp:precise /Zc:wchar_t /Zc:forScope /Yu"stdafx.h" /Fp"Release\Win32\usbiolib.pch" /Fo"Release\Win32\\" /Fd"Release\Win32\vc110.pdb" /Gd /TP /analyze- /errorReport:prompt PnPNotificator.cpp SetupApiDll.cpp UsbIo.cpp UsbIoBuf.cpp UsbIoPipe.cpp UsbIoReader.cpp UsbIoThread.cpp UsbIoWriter.cpp
         PnPNotificator.cpp
         SetupApiDll.cpp
         UsbIo.cpp
         UsbIoBuf.cpp
         UsbIoPipe.cpp
         UsbIoReader.cpp
         UsbIoThread.cpp
         UsbIoWriter.cpp
         Generating Code...
       Lib:
         C:\Program Files (x86)\Microsoft Visual Studio 11.0\VC\bin\Lib.exe /OUT:"..\..\lib\Release\Win32\usbiolib.lib" /NOLOGO /LTCG Release\Win32\PnPNotificator.obj
         Release\Win32\SetupApiDll.obj
         Release\Win32\stdafx.obj
         Release\Win32\UsbIo.obj
         Release\Win32\UsbIoBuf.obj
         Release\Win32\UsbIoPipe.obj
         Release\Win32\UsbIoReader.obj
         Release\Win32\UsbIoThread.obj
         Release\Win32\UsbIoWriter.obj
         usbiolib.vcxproj -> C:\Thesycon\USBIO\V2.55\source\usbiolib\..\..\lib\Release\Win32\usbiolib.lib
     1>Done Building Project "C:\Thesycon\USBIO\V2.55\source\usbiolib\usbiolib.vcxproj" (Build target(s)).

Build succeeded.

Time Elapsed 00:00:07.31
